{"C:\\Users\\akien\\Desktop\\laboratory\\akien-react-library\\dist\\utils\\rest.js": {"path":"C:\\Users\\akien\\Desktop\\laboratory\\akien-react-library\\dist\\utils\\rest.js","statementMap":{"0":{"start":{"line":2,"column":4},"end":{"line":2,"column":17}},"1":{"start":{"line":4,"column":0},"end":{"line":4,"column":20}}},"fnMap":{"0":{"name":"rest","decl":{"start":{"line":1,"column":9},"end":{"line":1,"column":13}},"loc":{"start":{"line":1,"column":18},"end":{"line":3,"column":1}}}},"branchMap":{},"s":{"0":1,"1":1},"f":{"0":1},"b":{}}
,"C:\\Users\\akien\\Desktop\\laboratory\\akien-react-library\\dist\\utils\\sum.js": {"path":"C:\\Users\\akien\\Desktop\\laboratory\\akien-react-library\\dist\\utils\\sum.js","statementMap":{"0":{"start":{"line":2,"column":15},"end":{"line":2,"column":17}},"1":{"start":{"line":3,"column":4},"end":{"line":5,"column":null}},"2":{"start":{"line":3,"column":18},"end":{"line":3,"column":19}},"3":{"start":{"line":4,"column":8},"end":{"line":4,"column":33}},"4":{"start":{"line":6,"column":4},"end":{"line":6,"column":79}},"5":{"start":{"line":6,"column":51},"end":{"line":6,"column":75}},"6":{"start":{"line":8,"column":0},"end":{"line":8,"column":19}}},"fnMap":{"0":{"name":"sum","decl":{"start":{"line":1,"column":9},"end":{"line":1,"column":12}},"loc":{"start":{"line":1,"column":12},"end":{"line":7,"column":1}}},"1":{"name":"(anonymous_1)","decl":{"start":{"line":6,"column":23},"end":{"line":6,"column":33}},"loc":{"start":{"line":6,"column":47},"end":{"line":6,"column":77}}}},"branchMap":{},"s":{"0":1,"1":1,"2":1,"3":2,"4":1,"5":1,"6":1},"f":{"0":1,"1":1},"b":{}}
}
